[2023-01-04T09:12:34.169506+00:00] Portfolios.WARNING: Foo [] []
[2023-01-04T09:12:34.311646+00:00] Portfolios.ERROR: Bar [] []
[2023-01-04T09:17:57.512921+00:00] Portfolios.WARNING: Foo [] []
[2023-01-04T09:17:57.643423+00:00] Portfolios.ERROR: Bar [] []
[2023-01-04T09:23:12.345632+00:00] Portfolios.ERROR: Nutiko klaida [] []
[2023-01-04T09:40:10.542470+00:00] Portfolios.ERROR: Nutiko klaida [] []
[2023-01-04T09:40:31.449096+00:00] Portfolios.ERROR: Nutiko klaida [] []
[2023-01-05T14:32:21.590205+00:00] Portfolios.ERROR: Neteisingi prisijungimo duomenys [] []
[2023-01-05T14:32:25.271978+00:00] Portfolios.ERROR: Neteisingi prisijungimo duomenys [] []
[2023-01-05T14:32:28.991226+00:00] Portfolios.ERROR: Neteisingi prisijungimo duomenys [] []
[2023-01-05T14:32:48.272868+00:00] Portfolios.ERROR: Neteisingi prisijungimo duomenys [] []
[2023-01-05T14:32:52.224331+00:00] Portfolios.ERROR: Neteisingi prisijungimo duomenys [] []
[2023-01-05T14:32:55.654256+00:00] Portfolios.ERROR: Neteisingi prisijungimo duomenys [] []
[2023-01-05T14:34:21.612896+00:00] Portfolios.ERROR: Neteisingi prisijungimo duomenys [] []
[2023-01-05T14:34:24.762303+00:00] Portfolios.ERROR: Neteisingi prisijungimo duomenys [] []
[2023-01-05T14:42:02.774460+00:00] Portfolios.WARNING: Neteisingi prisijungimo duomenys [] []
[2023-01-05T14:42:06.434936+00:00] Portfolios.WARNING: Neteisingi prisijungimo duomenys [] []
[2023-01-05T14:50:37.309427+00:00] Portfolios.WARNING: Neteisingi prisijungimo duomenys [] []
[2023-01-06T06:55:07.340369+00:00] Portfolios.WARNING: Neteisingi prisijungimo duomenys [] []
[2023-01-06T12:08:50.938991+00:00] Portfolios.WARNING: 404 [] []
[2023-01-06T12:08:59.308549+00:00] Portfolios.WARNING: 404 [] []
[2023-01-06T12:09:55.771175+00:00] Portfolios.WARNING: 404 [] []
[2023-01-06T12:10:16.251589+00:00] Portfolios.WARNING: 404 [] []
[2023-01-06T12:10:17.894580+00:00] Portfolios.WARNING: 404 [] []
[2023-01-06T12:10:21.515719+00:00] Portfolios.WARNING: 404 [] []
[2023-01-06T14:29:22.512402+00:00] Portfolios.WARNING: 404 [] []
[2023-01-06T14:30:28.148070+00:00] Portfolios.WARNING: 404 [] []
[2023-01-06T14:30:28.461486+00:00] Portfolios.WARNING: 404 [] []
[2023-01-06T14:42:38.233098+00:00] Portfolios.WARNING: 404 [] []
[2023-01-06T14:42:38.505784+00:00] Portfolios.WARNING: 404 [] []
[2023-01-06T14:50:35.124061+00:00] Portfolios.WARNING: 404 [] []
[2023-01-06T14:50:35.425669+00:00] Portfolios.WARNING: 404 [] []
[2023-01-06T14:53:08.877970+00:00] Portfolios.WARNING: 404 [] []
[2023-01-06T14:53:10.532467+00:00] Portfolios.WARNING: 404 [] []
[2023-01-06T15:01:17.120935+00:00] Portfolios.WARNING: 404 [] []
[2023-01-06T15:01:17.352420+00:00] Portfolios.WARNING: 404 [] []
[2023-01-06T15:01:22.532707+00:00] Portfolios.WARNING: 404 [] []
[2023-01-06T15:01:22.699027+00:00] Portfolios.WARNING: 404 [] []
[2023-01-06T15:01:27.157444+00:00] Portfolios.WARNING: 404 [] []
[2023-01-06T15:01:27.359483+00:00] Portfolios.WARNING: 404 [] []
[2023-01-06T15:01:28.536249+00:00] Portfolios.WARNING: 404 [] []
[2023-01-06T15:01:28.752852+00:00] Portfolios.WARNING: 404 [] []
[2023-01-06T15:01:29.361967+00:00] Portfolios.WARNING: 404 [] []
[2023-01-06T15:01:29.548320+00:00] Portfolios.WARNING: 404 [] []
[2023-01-06T15:01:30.793342+00:00] Portfolios.WARNING: 404 [] []
[2023-01-06T15:01:30.980385+00:00] Portfolios.WARNING: 404 [] []
[2023-01-08T15:56:09.805672+00:00] Portfolios.WARNING: 404 [] []
[2023-01-08T15:56:10.074614+00:00] Portfolios.WARNING: 404 [] []
[2023-01-09T09:03:46.868093+00:00] Portfolios.WARNING: 404 [] []
[2023-01-09T09:03:48.444215+00:00] Portfolios.WARNING: 404 [] []
[2023-01-19T08:51:59.769803+00:00] Portfolios.ERROR: Neuzpildyti visi laukai [] []
[2023-01-19T08:52:00.439689+00:00] Portfolios.WARNING: Adresas: [GET] /favicon.ico nerastas [] []
[2023-01-19T08:52:11.108334+00:00] Portfolios.WARNING: Adresas: [GET] /favicon.ico nerastas [] []
[2023-01-19T08:52:15.720658+00:00] Portfolios.ERROR: Neuzpildyti visi laukai [] []
[2023-01-19T08:52:16.083958+00:00] Portfolios.WARNING: Adresas: [GET] /favicon.ico nerastas [] []
[2023-01-19T08:52:32.817378+00:00] Portfolios.ERROR: Neuzpildyti visi laukai [] []
[2023-01-19T08:52:33.162681+00:00] Portfolios.WARNING: Adresas: [GET] /favicon.ico nerastas [] []
[2023-01-19T08:52:38.696856+00:00] Portfolios.WARNING: Adresas: [GET] /favicon.ico nerastas [] []
[2023-01-19T11:03:14.471189+00:00] Portfolios.WARNING: Adresas: [GET] /favicon.ico nerastas [] []
[2023-01-19T11:03:15.999826+00:00] Portfolios.WARNING: Adresas: [GET] /favicon.ico nerastas [] []
[2023-01-19T11:03:21.272348+00:00] Portfolios.ERROR: Neuzpildyti visi laukai [] []
[2023-01-19T11:03:21.822148+00:00] Portfolios.WARNING: Adresas: [GET] /favicon.ico nerastas [] []
[2023-01-19T11:03:25.205004+00:00] Portfolios.ERROR: Neuzpildyti visi laukai [] []
[2023-01-19T11:03:25.535835+00:00] Portfolios.WARNING: Adresas: [GET] /favicon.ico nerastas [] []
[2023-01-19T11:03:29.469412+00:00] Portfolios.WARNING: Adresas: [GET] /favicon.ico nerastas [] []
[2023-01-19T11:03:38.495294+00:00] Portfolios.WARNING: Adresas: [GET] /favicon.ico nerastas [] []
[2023-01-19T11:03:56.662798+00:00] Portfolios.WARNING: Adresas: [GET] /favicon.ico nerastas [] []
[2023-01-19T11:04:02.599301+00:00] Portfolios.WARNING: Adresas: [GET] /favicon.ico nerastas [] []
[2023-01-19T11:04:06.653507+00:00] Portfolios.WARNING: Adresas: [GET] /favicon.ico nerastas [] []
[2023-01-19T12:00:52.519264+00:00] Portfolios.WARNING: Adresas: [GET] /favicon.ico nerastas [] []
[2023-01-19T13:09:59.794262+00:00] Portfolios.WARNING: Adresas: [GET] /portfolio nerastas [] []
[2023-01-19T13:10:01.308549+00:00] Portfolios.WARNING: Adresas: [GET] /js/mano.js nerastas [] []
[2023-01-19T13:10:02.681369+00:00] Portfolios.WARNING: Adresas: [GET] /favicon.ico nerastas [] []
[2023-01-19T13:10:10.034536+00:00] Portfolios.WARNING: Adresas: [GET] /portfolio nerastas [] []
[2023-01-19T13:10:11.276929+00:00] Portfolios.WARNING: Adresas: [GET] /js/mano.js nerastas [] []
[2023-01-19T13:10:12.644198+00:00] Portfolios.WARNING: Adresas: [GET] /favicon.ico nerastas [] []
[2023-01-19T13:10:22.074702+00:00] Portfolios.WARNING: Adresas: [GET] /portfolio nerastas [] []
[2023-01-19T13:10:23.201252+00:00] Portfolios.WARNING: Adresas: [GET] /js/mano.js nerastas [] []
[2023-01-19T13:10:24.319917+00:00] Portfolios.WARNING: Adresas: [GET] /favicon.ico nerastas [] []
[2023-01-19T13:12:39.872869+00:00] Portfolios.WARNING: Adresas: [GET] /js/mano.js nerastas [] []
[2023-01-19T13:12:41.270562+00:00] Portfolios.WARNING: Adresas: [GET] /favicon.ico nerastas [] []
[2023-01-19T13:12:42.943137+00:00] Portfolios.WARNING: Adresas: [GET] /portfolio nerastas [] []
[2023-01-19T13:12:44.176593+00:00] Portfolios.WARNING: Adresas: [GET] /js/mano.js nerastas [] []
[2023-01-19T13:12:45.505166+00:00] Portfolios.WARNING: Adresas: [GET] /favicon.ico nerastas [] []
[2023-01-19T13:13:12.727992+00:00] Portfolios.WARNING: Adresas: [GET] /favicon.ico nerastas [] []
[2023-01-19T13:13:30.637509+00:00] Portfolios.WARNING: Adresas: [GET] /favicon.ico nerastas [] []
[2023-01-19T13:13:31.971249+00:00] Portfolios.WARNING: Adresas: [GET] /favicon.ico nerastas [] []
[2023-01-19T13:13:33.166504+00:00] Portfolios.WARNING: Adresas: [GET] /favicon.ico nerastas [] []
[2023-01-19T13:35:27.050283+00:00] Portfolios.WARNING: Adresas: [GET] /favicon.ico nerastas [] []
[2023-01-19T13:35:27.488081+00:00] Portfolios.WARNING: Adresas: [GET] /person nerastas [] []
[2023-01-19T13:35:28.852953+00:00] Portfolios.WARNING: Adresas: [GET] /js/mano.js nerastas [] []
[2023-01-19T13:35:29.916308+00:00] Portfolios.WARNING: Adresas: [GET] /favicon.ico nerastas [] []
[2023-01-19T13:35:39.842068+00:00] Portfolios.WARNING: Adresas: [GET] /person nerastas [] []
[2023-01-19T13:35:41.516410+00:00] Portfolios.WARNING: Adresas: [GET] /js/mano.js nerastas [] []
[2023-01-19T13:35:52.093406+00:00] Portfolios.WARNING: Adresas: [GET] /favicon.ico nerastas [] []
[2023-01-19T13:37:14.207374+00:00] Portfolios.WARNING: Adresas: [GET] /favicon.ico nerastas [] []
[2023-01-19T14:06:00.820573+00:00] Portfolios.WARNING: Adresas: [GET] /person/new_person nerastas [] []
[2023-01-19T14:06:01.400179+00:00] Portfolios.WARNING: Adresas: [GET] /js/mano.js nerastas [] []
[2023-01-19T14:06:01.770763+00:00] Portfolios.WARNING: Adresas: [GET] /favicon.ico nerastas [] []
[2023-01-19T14:06:11.141848+00:00] Portfolios.WARNING: Adresas: [GET] /dashboard nerastas [] []
[2023-01-19T14:06:12.319296+00:00] Portfolios.WARNING: Adresas: [GET] /js/mano.js nerastas [] []
[2023-01-19T14:06:13.372558+00:00] Portfolios.WARNING: Adresas: [GET] /favicon.ico nerastas [] []
[2023-01-19T14:06:18.094594+00:00] Portfolios.WARNING: Adresas: [GET] /portfolio nerastas [] []
[2023-01-19T14:06:19.276944+00:00] Portfolios.WARNING: Adresas: [GET] /js/mano.js nerastas [] []
[2023-01-19T14:06:20.290716+00:00] Portfolios.WARNING: Adresas: [GET] /favicon.ico nerastas [] []
[2023-01-19T14:06:31.527967+00:00] Portfolios.WARNING: Adresas: [GET] /favicon.ico nerastas [] []
[2023-01-19T14:06:43.646997+00:00] Portfolios.WARNING: Adresas: [POST] /portfolio nerastas [] []
[2023-01-19T14:06:45.245095+00:00] Portfolios.WARNING: Adresas: [GET] /js/mano.js nerastas [] []
[2023-01-19T14:06:46.586967+00:00] Portfolios.WARNING: Adresas: [GET] /favicon.ico nerastas [] []
[2023-01-19T14:06:54.657107+00:00] Portfolios.WARNING: Adresas: [GET] /js/mano.js nerastas [] []
[2023-01-19T14:06:55.344114+00:00] Portfolios.WARNING: Adresas: [GET] /favicon.ico nerastas [] []
[2023-01-19T14:07:05.741057+00:00] Portfolios.WARNING: Adresas: [GET] /favicon.ico nerastas [] []
[2023-01-19T14:12:36.311799+00:00] Portfolios.WARNING: Adresas: [POST] /portfolio nerastas [] []
[2023-01-19T14:12:37.464962+00:00] Portfolios.WARNING: Adresas: [GET] /js/mano.js nerastas [] []
[2023-01-19T14:12:38.769415+00:00] Portfolios.WARNING: Adresas: [GET] /favicon.ico nerastas [] []
[2023-01-19T14:13:01.928289+00:00] Portfolios.WARNING: Adresas: [GET] /favicon.ico nerastas [] []
[2023-01-19T14:22:55.562489+00:00] Portfolios.WARNING: Adresas: [GET] /persons/edit nerastas [] []
[2023-01-19T14:22:56.087384+00:00] Portfolios.WARNING: Adresas: [GET] /js/mano.js nerastas [] []
[2023-01-19T14:22:57.023263+00:00] Portfolios.WARNING: Adresas: [GET] /favicon.ico nerastas [] []
[2023-01-19T14:23:12.779875+00:00] Portfolios.WARNING: Adresas: [GET] /edit nerastas [] []
[2023-01-19T14:23:13.606973+00:00] Portfolios.WARNING: Adresas: [GET] /js/mano.js nerastas [] []
[2023-01-19T14:23:14.981214+00:00] Portfolios.WARNING: Adresas: [GET] /favicon.ico nerastas [] []
[2023-01-19T14:25:17.451612+00:00] Portfolios.WARNING: Adresas: [GET] /edit nerastas [] []
[2023-01-19T14:25:17.903059+00:00] Portfolios.WARNING: Adresas: [GET] /js/mano.js nerastas [] []
[2023-01-19T14:25:18.785720+00:00] Portfolios.WARNING: Adresas: [GET] /favicon.ico nerastas [] []
[2023-01-19T14:28:04.185698+00:00] Portfolios.WARNING: Adresas: [GET] /js/mano.js nerastas [] []
[2023-01-19T14:28:05.691818+00:00] Portfolios.WARNING: Adresas: [GET] /favicon.ico nerastas [] []
[2023-01-19T14:28:11.399269+00:00] Portfolios.WARNING: Adresas: [GET] /favicon.ico nerastas [] []
[2023-01-19T14:28:18.082380+00:00] Portfolios.WARNING: Adresas: [GET] /person nerastas [] []
[2023-01-19T14:28:18.966703+00:00] Portfolios.WARNING: Adresas: [GET] /js/mano.js nerastas [] []
[2023-01-19T14:28:20.645531+00:00] Portfolios.WARNING: Adresas: [GET] /favicon.ico nerastas [] []
[2023-01-19T14:28:26.531844+00:00] Portfolios.WARNING: Adresas: [GET] /edit nerastas [] []
[2023-01-19T14:28:27.419294+00:00] Portfolios.WARNING: Adresas: [GET] /js/mano.js nerastas [] []
[2023-01-19T14:28:29.095155+00:00] Portfolios.WARNING: Adresas: [GET] /favicon.ico nerastas [] []
[2023-01-19T14:28:40.490485+00:00] Portfolios.WARNING: Adresas: [GET] /favicon.ico nerastas [] []
[2023-01-19T14:28:44.170122+00:00] Portfolios.WARNING: Adresas: [GET] /person/atnaujinti nerastas [] []
[2023-01-19T14:28:45.541551+00:00] Portfolios.WARNING: Adresas: [GET] /js/mano.js nerastas [] []
[2023-01-19T14:28:46.697306+00:00] Portfolios.WARNING: Adresas: [GET] /favicon.ico nerastas [] []
[2023-01-19T14:28:46.783160+00:00] Portfolios.WARNING: Adresas: [GET] /favicon.ico nerastas [] []
[2023-01-19T14:31:04.327132+00:00] Portfolios.ERROR: Neuzpildyti visi laukai [] []
[2023-01-19T14:31:04.894417+00:00] Portfolios.WARNING: Adresas: [GET] /favicon.ico nerastas [] []
[2023-01-19T14:31:12.444600+00:00] Portfolios.WARNING: Adresas: [GET] /favicon.ico nerastas [] []
[2023-01-19T14:42:48.257442+00:00] Portfolios.WARNING: Adresas: [GET] /favicon.ico nerastas [] []
[2023-01-19T14:43:03.458572+00:00] Portfolios.WARNING: Adresas: [GET] /login nerastas [] []
[2023-01-19T14:43:04.444585+00:00] Portfolios.WARNING: Adresas: [GET] /js/mano.js nerastas [] []
[2023-01-19T14:43:04.823618+00:00] Portfolios.WARNING: Adresas: [GET] /favicon.ico nerastas [] []
[2023-01-20T08:31:48.529879+00:00] Portfolios.WARNING: Adresas: [GET] /js/mano.js nerastas [] []
[2023-01-20T08:31:49.372361+00:00] Portfolios.WARNING: Adresas: [GET] /favicon.ico nerastas [] []
[2023-01-20T09:14:05.306650+00:00] Portfolios.WARNING: Adresas: [GET] /favicon.ico nerastas [] []
[2023-01-20T09:14:16.685929+00:00] Portfolios.WARNING: Adresas: [POST] /portfolio nerastas [] []
[2023-01-20T09:14:17.215057+00:00] Portfolios.WARNING: Adresas: [GET] /js/mano.js nerastas [] []
[2023-01-20T09:14:17.604593+00:00] Portfolios.WARNING: Adresas: [GET] /favicon.ico nerastas [] []
[2023-01-20T09:14:30.972304+00:00] Portfolios.NOTICE: Neteisingi prisijungimo duomenys [] []
[2023-01-20T09:14:31.547643+00:00] Portfolios.WARNING: Adresas: [GET] /js/mano.js nerastas [] []
[2023-01-20T09:14:31.965255+00:00] Portfolios.WARNING: Adresas: [GET] /favicon.ico nerastas [] []
[2023-01-20T09:14:43.935769+00:00] Portfolios.WARNING: Adresas: [GET] /favicon.ico nerastas [] []
[2023-01-20T09:14:50.371018+00:00] Portfolios.WARNING: Adresas: [GET] /favicon.ico nerastas [] []
[2023-01-20T09:14:57.466452+00:00] Portfolios.WARNING: Adresas: [GET] /favicon.ico nerastas [] []
[2023-01-20T09:15:03.047619+00:00] Portfolios.WARNING: Adresas: [GET] /favicon.ico nerastas [] []
[2023-01-20T09:15:09.649719+00:00] Portfolios.WARNING: Adresas: [GET] /person/atnaujinti nerastas [] []
[2023-01-20T09:15:10.140304+00:00] Portfolios.WARNING: Adresas: [GET] /js/mano.js nerastas [] []
[2023-01-20T09:15:10.617933+00:00] Portfolios.WARNING: Adresas: [GET] /favicon.ico nerastas [] []
[2023-01-20T09:15:13.334967+00:00] Portfolios.WARNING: Adresas: [GET] /favicon.ico nerastas [] []
[2023-01-20T09:15:19.930684+00:00] Portfolios.WARNING: Adresas: [GET] /favicon.ico nerastas [] []
[2023-01-20T09:15:21.524850+00:00] Portfolios.WARNING: Adresas: [GET] /favicon.ico nerastas [] []
[2023-01-20T09:15:26.835392+00:00] Portfolios.WARNING: Adresas: [GET] /favicon.ico nerastas [] []
[2023-01-20T09:23:15.570435+00:00] Portfolios.WARNING: Adresas: [GET] /person/atnaujinti nerastas [] []
[2023-01-20T09:23:16.211217+00:00] Portfolios.WARNING: Adresas: [GET] /js/mano.js nerastas [] []
[2023-01-20T09:23:16.769780+00:00] Portfolios.WARNING: Adresas: [GET] /favicon.ico nerastas [] []
[2023-01-20T09:23:19.238229+00:00] Portfolios.WARNING: Adresas: [GET] /favicon.ico nerastas [] []
[2023-01-20T10:20:11.181661+00:00] Portfolios.WARNING: Adresas: [GET] /favicon.ico nerastas [] []
[2023-01-20T10:20:14.258138+00:00] Portfolios.WARNING: Adresas: [GET] /person/atnaujinti nerastas [] []
[2023-01-20T10:20:14.803036+00:00] Portfolios.WARNING: Adresas: [GET] /js/mano.js nerastas [] []
[2023-01-20T10:20:15.264735+00:00] Portfolios.WARNING: Adresas: [GET] /favicon.ico nerastas [] []
[2023-01-20T10:20:18.070628+00:00] Portfolios.WARNING: Adresas: [GET] /favicon.ico nerastas [] []
[2023-01-20T10:22:57.213403+00:00] Portfolios.WARNING: Adresas: [GET] /person/atnaujinti nerastas [] []
[2023-01-20T10:22:57.613798+00:00] Portfolios.WARNING: Adresas: [GET] /js/mano.js nerastas [] []
[2023-01-20T10:22:58.049852+00:00] Portfolios.WARNING: Adresas: [GET] /favicon.ico nerastas [] []
[2023-01-20T10:23:00.463330+00:00] Portfolios.WARNING: Adresas: [GET] /favicon.ico nerastas [] []
[2023-01-20T10:36:10.112488+00:00] Portfolios.WARNING: Adresas: [GET] /favicon.ico nerastas [] []
[2023-01-20T10:36:10.918192+00:00] Portfolios.WARNING: Adresas: [GET] /person/atnaujinti nerastas [] []
[2023-01-20T10:36:11.330704+00:00] Portfolios.WARNING: Adresas: [GET] /js/mano.js nerastas [] []
[2023-01-20T10:36:11.783107+00:00] Portfolios.WARNING: Adresas: [GET] /favicon.ico nerastas [] []
[2023-01-20T10:36:12.862330+00:00] Portfolios.WARNING: Adresas: [GET] /favicon.ico nerastas [] []
[2023-01-20T10:36:15.590186+00:00] Portfolios.WARNING: Adresas: [GET] /person/atnaujinti nerastas [] []
[2023-01-20T10:36:16.061215+00:00] Portfolios.WARNING: Adresas: [GET] /js/mano.js nerastas [] []
[2023-01-20T10:36:16.525416+00:00] Portfolios.WARNING: Adresas: [GET] /favicon.ico nerastas [] []
[2023-01-20T10:36:17.055178+00:00] Portfolios.WARNING: Adresas: [GET] /favicon.ico nerastas [] []
[2023-01-23T08:14:23.578345+00:00] Portfolios.ERROR: Controllerio metodas turi grąžinti Response objektą [] []
[2023-01-23T08:14:24.341321+00:00] Portfolios.WARNING: Adresas: [GET] /favicon.ico nerastas [] []
[2023-01-23T08:14:24.633590+00:00] Portfolios.ERROR: Controllerio metodas turi grąžinti Response objektą [] []
[2023-01-23T08:14:30.440495+00:00] Portfolios.WARNING: Adresas: [GET] /portfolio nerastas [] []
[2023-01-23T08:14:30.739524+00:00] Portfolios.ERROR: Controllerio metodas turi grąžinti Response objektą [] []
[2023-01-23T08:14:31.144399+00:00] Portfolios.WARNING: Adresas: [GET] /favicon.ico nerastas [] []
[2023-01-23T08:14:31.486026+00:00] Portfolios.ERROR: Controllerio metodas turi grąžinti Response objektą [] []
[2023-01-23T08:14:35.537869+00:00] Portfolios.ERROR: Controllerio metodas turi grąžinti Response objektą [] []
[2023-01-23T08:14:36.111641+00:00] Portfolios.WARNING: Adresas: [GET] /favicon.ico nerastas [] []
[2023-01-23T08:14:36.656211+00:00] Portfolios.ERROR: Controllerio metodas turi grąžinti Response objektą [] []
[2023-01-23T08:21:45.957357+00:00] Portfolios.ERROR: Controllerio metodas turi grąžinti Response objektą [] []
[2023-01-23T08:21:46.523619+00:00] Portfolios.WARNING: Adresas: [GET] /favicon.ico nerastas [] []
[2023-01-23T08:21:46.713920+00:00] Portfolios.ERROR: Controllerio metodas turi grąžinti Response objektą [] []
[2023-01-23T08:22:39.354817+00:00] Portfolios.ERROR: Controllerio metodas turi grąžinti Response objektą [] []
[2023-01-23T08:22:39.898665+00:00] Portfolios.WARNING: Adresas: [GET] /favicon.ico nerastas [] []
[2023-01-23T08:22:40.112022+00:00] Portfolios.ERROR: Controllerio metodas turi grąžinti Response objektą [] []
[2023-01-23T08:24:17.557242+00:00] Portfolios.ERROR: Controllerio metodas turi grąžinti Response objektą [] []
[2023-01-23T08:24:17.821487+00:00] Portfolios.WARNING: Adresas: [GET] /favicon.ico nerastas [] []
[2023-01-23T08:24:18.115909+00:00] Portfolios.ERROR: Controllerio metodas turi grąžinti Response objektą [] []
[2023-01-23T08:24:25.175235+00:00] Portfolios.ERROR: Controllerio metodas turi grąžinti Response objektą [] []
[2023-01-23T08:24:25.267808+00:00] Portfolios.ERROR: Controllerio metodas turi grąžinti Response objektą [] []
[2023-01-23T08:24:25.438202+00:00] Portfolios.ERROR: Controllerio metodas turi grąžinti Response objektą [] []
[2023-01-23T08:25:17.952895+00:00] Portfolios.ERROR: Controllerio metodas turi grąžinti Response objektą [] []
[2023-01-23T08:25:18.231850+00:00] Portfolios.WARNING: Adresas: [GET] /favicon.ico nerastas [] []
[2023-01-23T08:25:18.673949+00:00] Portfolios.ERROR: Controllerio metodas turi grąžinti Response objektą [] []
[2023-01-23T08:25:42.013864+00:00] Portfolios.WARNING: Adresas: [GET] /persons/new nerastas [] []
[2023-01-23T08:25:42.754045+00:00] Portfolios.ERROR: Controllerio metodas turi grąžinti Response objektą [] []
[2023-01-23T08:25:43.102976+00:00] Portfolios.WARNING: Adresas: [GET] /favicon.ico nerastas [] []
[2023-01-23T08:25:43.371189+00:00] Portfolios.ERROR: Controllerio metodas turi grąžinti Response objektą [] []
[2023-01-23T08:25:47.295855+00:00] Portfolios.ERROR: Controllerio metodas turi grąžinti Response objektą [] []
[2023-01-23T08:25:47.897097+00:00] Portfolios.WARNING: Adresas: [GET] /favicon.ico nerastas [] []
[2023-01-23T08:25:48.058456+00:00] Portfolios.ERROR: Controllerio metodas turi grąžinti Response objektą [] []
[2023-01-23T08:25:50.806559+00:00] Portfolios.ERROR: Controllerio metodas turi grąžinti Response objektą [] []
[2023-01-23T08:25:51.111917+00:00] Portfolios.WARNING: Adresas: [GET] /favicon.ico nerastas [] []
[2023-01-23T08:25:51.583018+00:00] Portfolios.ERROR: Controllerio metodas turi grąžinti Response objektą [] []
[2023-01-23T08:25:52.731173+00:00] Portfolios.ERROR: Controllerio metodas turi grąžinti Response objektą [] []
[2023-01-23T08:25:53.275253+00:00] Portfolios.WARNING: Adresas: [GET] /favicon.ico nerastas [] []
[2023-01-23T08:25:53.579150+00:00] Portfolios.ERROR: Controllerio metodas turi grąžinti Response objektą [] []
[2023-01-23T08:32:51.365455+00:00] Portfolios.ERROR: Controllerio metodas turi grąžinti Response objektą [] []
[2023-01-23T08:32:51.746907+00:00] Portfolios.WARNING: Adresas: [GET] /favicon.ico nerastas [] []
[2023-01-23T08:32:51.985142+00:00] Portfolios.ERROR: Controllerio metodas turi grąžinti Response objektą [] []
[2023-01-23T08:43:29.377454+00:00] Portfolios.ERROR: Controllerio metodas turi grąžinti Response objektą [] []
[2023-01-23T08:43:29.864763+00:00] Portfolios.WARNING: Adresas: [GET] /favicon.ico nerastas [] []
[2023-01-23T08:43:30.145216+00:00] Portfolios.ERROR: Controllerio metodas turi grąžinti Response objektą [] []
[2023-01-23T08:43:36.801916+00:00] Portfolios.ERROR: Controllerio metodas turi grąžinti Response objektą [] []
[2023-01-23T08:43:37.300178+00:00] Portfolios.WARNING: Adresas: [GET] /favicon.ico nerastas [] []
[2023-01-23T08:43:37.906458+00:00] Portfolios.ERROR: Controllerio metodas turi grąžinti Response objektą [] []
[2023-01-23T08:43:41.519225+00:00] Portfolios.ERROR: Controllerio metodas turi grąžinti Response objektą [] []
[2023-01-23T08:43:41.846688+00:00] Portfolios.WARNING: Adresas: [GET] /favicon.ico nerastas [] []
[2023-01-23T08:43:42.310605+00:00] Portfolios.ERROR: Controllerio metodas turi grąžinti Response objektą [] []
[2023-01-23T08:43:43.350522+00:00] Portfolios.ERROR: Controllerio metodas turi grąžinti Response objektą [] []
[2023-01-23T08:43:43.560519+00:00] Portfolios.WARNING: Adresas: [GET] /favicon.ico nerastas [] []
[2023-01-23T08:43:43.981477+00:00] Portfolios.ERROR: Controllerio metodas turi grąžinti Response objektą [] []
[2023-01-23T08:43:44.226918+00:00] Portfolios.ERROR: Controllerio metodas turi grąžinti Response objektą [] []
[2023-01-23T08:43:44.575455+00:00] Portfolios.WARNING: Adresas: [GET] /favicon.ico nerastas [] []
[2023-01-23T08:43:45.156319+00:00] Portfolios.ERROR: Controllerio metodas turi grąžinti Response objektą [] []
[2023-01-23T08:45:05.346736+00:00] Portfolios.ERROR: Controllerio metodas turi grąžinti Response objektą [] []
[2023-01-23T08:45:05.676219+00:00] Portfolios.WARNING: Adresas: [GET] /favicon.ico nerastas [] []
[2023-01-23T08:45:05.949392+00:00] Portfolios.ERROR: Controllerio metodas turi grąžinti Response objektą [] []
[2023-01-23T08:45:26.389956+00:00] Portfolios.ERROR: Controllerio metodas turi grąžinti Response objektą [] []
[2023-01-23T08:45:26.838901+00:00] Portfolios.WARNING: Adresas: [GET] /favicon.ico nerastas [] []
[2023-01-23T08:45:27.109556+00:00] Portfolios.ERROR: Controllerio metodas turi grąžinti Response objektą [] []
[2023-01-23T08:45:51.484730+00:00] Portfolios.ERROR: Controllerio metodas turi grąžinti Response objektą [] []
[2023-01-23T08:45:52.188082+00:00] Portfolios.WARNING: Adresas: [GET] /favicon.ico nerastas [] []
[2023-01-23T08:45:52.533858+00:00] Portfolios.ERROR: Controllerio metodas turi grąžinti Response objektą [] []
[2023-01-23T08:48:01.897475+00:00] Portfolios.ERROR: Controllerio metodas turi grąžinti Response objektą [] []
[2023-01-23T08:48:02.489797+00:00] Portfolios.WARNING: Adresas: [GET] /favicon.ico nerastas [] []
[2023-01-23T08:48:02.869362+00:00] Portfolios.ERROR: Controllerio metodas turi grąžinti Response objektą [] []
[2023-01-23T08:48:07.692939+00:00] Portfolios.ERROR: Controllerio metodas turi grąžinti Response objektą [] []
[2023-01-23T08:48:08.002072+00:00] Portfolios.WARNING: Adresas: [GET] /favicon.ico nerastas [] []
[2023-01-23T08:48:08.360812+00:00] Portfolios.ERROR: Controllerio metodas turi grąžinti Response objektą [] []
[2023-01-23T08:48:14.924780+00:00] Portfolios.ERROR: Controllerio metodas turi grąžinti Response objektą [] []
[2023-01-23T08:48:15.295463+00:00] Portfolios.WARNING: Adresas: [GET] /favicon.ico nerastas [] []
[2023-01-23T08:48:15.849856+00:00] Portfolios.ERROR: Controllerio metodas turi grąžinti Response objektą [] []
[2023-01-23T08:48:20.844200+00:00] Portfolios.INFO: Kontaktai atidaryti [] []
[2023-01-23T08:48:20.879399+00:00] Portfolios.ERROR: Controllerio metodas turi grąžinti Response objektą [] []
[2023-01-23T08:48:21.214492+00:00] Portfolios.WARNING: Adresas: [GET] /favicon.ico nerastas [] []
[2023-01-23T08:48:21.517758+00:00] Portfolios.ERROR: Controllerio metodas turi grąžinti Response objektą [] []
[2023-01-23T08:50:22.908108+00:00] Portfolios.INFO: Kontaktai atidaryti [] []
[2023-01-23T08:50:22.954915+00:00] Portfolios.ERROR: Controllerio metodas turi grąžinti Response objektą [] []
[2023-01-23T08:50:23.584379+00:00] Portfolios.WARNING: Adresas: [GET] /favicon.ico nerastas [] []
[2023-01-23T08:50:24.214585+00:00] Portfolios.ERROR: Controllerio metodas turi grąžinti Response objektą [] []
[2023-01-23T08:50:27.506068+00:00] Portfolios.ERROR: Controllerio metodas turi grąžinti Response objektą [] []
[2023-01-23T08:50:27.731052+00:00] Portfolios.WARNING: Adresas: [GET] /favicon.ico nerastas [] []
[2023-01-23T08:50:28.022084+00:00] Portfolios.ERROR: Controllerio metodas turi grąžinti Response objektą [] []
[2023-01-23T08:50:30.671517+00:00] Portfolios.ERROR: Controllerio metodas turi grąžinti Response objektą [] []
[2023-01-23T08:50:31.109611+00:00] Portfolios.WARNING: Adresas: [GET] /favicon.ico nerastas [] []
[2023-01-23T08:50:31.505292+00:00] Portfolios.ERROR: Controllerio metodas turi grąžinti Response objektą [] []
[2023-01-23T08:51:12.108198+00:00] Portfolios.ERROR: Controllerio metodas turi grąžinti Response objektą [] []
[2023-01-23T08:51:12.413036+00:00] Portfolios.WARNING: Adresas: [GET] /favicon.ico nerastas [] []
[2023-01-23T08:51:12.907412+00:00] Portfolios.ERROR: Controllerio metodas turi grąžinti Response objektą [] []
[2023-01-23T08:53:48.125677+00:00] Portfolios.WARNING: Adresas: [GET] /favicon.ico nerastas [] []
[2023-01-23T08:53:56.688494+00:00] Portfolios.ERROR: Controllerio metodas turi grąžinti Response objektą [] []
[2023-01-23T08:53:58.007288+00:00] Portfolios.WARNING: Adresas: [GET] /favicon.ico nerastas [] []
[2023-01-23T08:53:58.643357+00:00] Portfolios.ERROR: Controllerio metodas turi grąžinti Response objektą [] []
[2023-01-23T09:22:19.714171+00:00] Portfolios.ERROR: Controllerio metodas turi grąžinti Response objektą [] []
[2023-01-23T09:22:20.495950+00:00] Portfolios.WARNING: Adresas: [GET] /favicon.ico nerastas [] []
[2023-01-23T09:22:20.988012+00:00] Portfolios.ERROR: Controllerio metodas turi grąžinti Response objektą [] []
[2023-01-23T09:22:21.437638+00:00] Portfolios.ERROR: Controllerio metodas turi grąžinti Response objektą [] []
[2023-01-23T09:22:21.727227+00:00] Portfolios.WARNING: Adresas: [GET] /favicon.ico nerastas [] []
[2023-01-23T09:22:22.226698+00:00] Portfolios.ERROR: Controllerio metodas turi grąžinti Response objektą [] []
[2023-01-23T09:25:39.433025+00:00] Portfolios.WARNING: Adresas: [GET] /favicon.ico nerastas [] []
[2023-01-23T09:25:39.944402+00:00] Portfolios.ERROR: Controllerio metodas turi grąžinti Response objektą [] []
[2023-01-23T09:29:13.331179+00:00] Portfolios.WARNING: Adresas: [GET] /favicon.ico nerastas [] []
[2023-01-23T09:29:13.536893+00:00] Portfolios.ERROR: Controllerio metodas turi grąžinti Response objektą [] []
[2023-01-23T09:29:15.906702+00:00] Portfolios.ERROR: Controllerio metodas turi grąžinti Response objektą [] []
[2023-01-23T09:29:16.418345+00:00] Portfolios.WARNING: Adresas: [GET] /favicon.ico nerastas [] []
[2023-01-23T09:29:16.700378+00:00] Portfolios.ERROR: Controllerio metodas turi grąžinti Response objektą [] []
[2023-01-23T09:29:20.684263+00:00] Portfolios.WARNING: Adresas: [GET] /favicon.ico nerastas [] []
[2023-01-23T09:29:20.862194+00:00] Portfolios.ERROR: Controllerio metodas turi grąžinti Response objektą [] []
[2023-01-23T09:29:31.160917+00:00] Portfolios.ERROR: Controllerio metodas turi grąžinti Response objektą [] []
[2023-01-23T09:29:31.479004+00:00] Portfolios.WARNING: Adresas: [GET] /favicon.ico nerastas [] []
[2023-01-23T09:29:31.774733+00:00] Portfolios.ERROR: Controllerio metodas turi grąžinti Response objektą [] []
[2023-01-23T09:29:33.514100+00:00] Portfolios.WARNING: Adresas: [GET] /favicon.ico nerastas [] []
[2023-01-23T09:29:33.796616+00:00] Portfolios.ERROR: Controllerio metodas turi grąžinti Response objektą [] []
[2023-01-23T09:29:45.055966+00:00] Portfolios.WARNING: Adresas: [GET] /favicon.ico nerastas [] []
[2023-01-23T09:29:45.531724+00:00] Portfolios.ERROR: Controllerio metodas turi grąžinti Response objektą [] []
[2023-01-23T09:29:46.183156+00:00] Portfolios.WARNING: Adresas: [GET] /favicon.ico nerastas [] []
[2023-01-23T09:29:46.796669+00:00] Portfolios.ERROR: Controllerio metodas turi grąžinti Response objektą [] []
[2023-01-23T09:29:51.837144+00:00] Portfolios.WARNING: Adresas: [GET] /favicon.ico nerastas [] []
[2023-01-23T09:29:52.138050+00:00] Portfolios.ERROR: Controllerio metodas turi grąžinti Response objektą [] []
[2023-01-23T09:29:56.045776+00:00] Portfolios.WARNING: Adresas: [GET] /favicon.ico nerastas [] []
[2023-01-23T09:29:56.264562+00:00] Portfolios.ERROR: Controllerio metodas turi grąžinti Response objektą [] []
[2023-01-23T09:30:26.266064+00:00] Portfolios.ERROR: Controllerio metodas turi grąžinti Response objektą [] []
[2023-01-23T09:30:26.671500+00:00] Portfolios.WARNING: Adresas: [GET] /favicon.ico nerastas [] []
[2023-01-23T09:30:26.896836+00:00] Portfolios.ERROR: Controllerio metodas turi grąžinti Response objektą [] []
[2023-01-23T09:31:01.734425+00:00] Portfolios.WARNING: Adresas: [GET] /favicon.ico nerastas [] []
[2023-01-23T09:31:02.149088+00:00] Portfolios.ERROR: Controllerio metodas turi grąžinti Response objektą [] []
[2023-01-23T09:31:03.447342+00:00] Portfolios.WARNING: Adresas: [GET] /favicon.ico nerastas [] []
[2023-01-23T09:31:04.014726+00:00] Portfolios.ERROR: Controllerio metodas turi grąžinti Response objektą [] []
[2023-01-23T09:31:07.631833+00:00] Portfolios.WARNING: Adresas: [GET] /favicon.ico nerastas [] []
[2023-01-23T09:31:07.820886+00:00] Portfolios.ERROR: Controllerio metodas turi grąžinti Response objektą [] []
[2023-01-23T09:31:09.130352+00:00] Portfolios.WARNING: Adresas: [GET] /favicon.ico nerastas [] []
[2023-01-23T09:31:10.089966+00:00] Portfolios.ERROR: Controllerio metodas turi grąžinti Response objektą [] []
[2023-01-23T09:31:11.085430+00:00] Portfolios.WARNING: Adresas: [GET] /favicon.ico nerastas [] []
[2023-01-23T09:31:11.526393+00:00] Portfolios.ERROR: Controllerio metodas turi grąžinti Response objektą [] []
[2023-01-23T09:31:14.312638+00:00] Portfolios.WARNING: Adresas: [GET] /favicon.ico nerastas [] []
[2023-01-23T09:31:14.763625+00:00] Portfolios.ERROR: Controllerio metodas turi grąžinti Response objektą [] []
[2023-01-23T09:31:15.354178+00:00] Portfolios.WARNING: Adresas: [GET] /favicon.ico nerastas [] []
[2023-01-23T09:31:15.509051+00:00] Portfolios.ERROR: Controllerio metodas turi grąžinti Response objektą [] []
[2023-01-23T09:31:23.261960+00:00] Portfolios.WARNING: Adresas: [GET] /favicon.ico nerastas [] []
[2023-01-23T09:31:23.755825+00:00] Portfolios.ERROR: Controllerio metodas turi grąžinti Response objektą [] []
[2023-01-23T09:31:24.721433+00:00] Portfolios.ERROR: Controllerio metodas turi grąžinti Response objektą [] []
[2023-01-23T09:31:25.228027+00:00] Portfolios.WARNING: Adresas: [GET] /favicon.ico nerastas [] []
[2023-01-23T09:31:25.792225+00:00] Portfolios.ERROR: Controllerio metodas turi grąžinti Response objektą [] []
[2023-01-23T09:31:26.889909+00:00] Portfolios.WARNING: Adresas: [GET] /favicon.ico nerastas [] []
[2023-01-23T09:31:27.366305+00:00] Portfolios.ERROR: Controllerio metodas turi grąžinti Response objektą [] []
[2023-01-23T09:35:50.163262+00:00] Portfolios.WARNING: Adresas: [GET] /favicon.ico nerastas [] []
[2023-01-23T09:35:50.620452+00:00] Portfolios.ERROR: Controllerio metodas turi grąžinti Response objektą [] []
[2023-01-23T09:36:04.045296+00:00] Portfolios.ERROR: Controllerio metodas turi grąžinti Response objektą [] []
[2023-01-23T09:36:04.596587+00:00] Portfolios.WARNING: Adresas: [GET] /favicon.ico nerastas [] []
[2023-01-23T09:36:05.047354+00:00] Portfolios.ERROR: Controllerio metodas turi grąžinti Response objektą [] []
[2023-01-23T09:36:37.597153+00:00] Portfolios.WARNING: Adresas: [GET] /favicon.ico nerastas [] []
[2023-01-23T09:36:38.220332+00:00] Portfolios.ERROR: Controllerio metodas turi grąžinti Response objektą [] []
[2023-01-23T09:37:17.580199+00:00] Portfolios.WARNING: Adresas: [GET] /favicon.ico nerastas [] []
[2023-01-23T09:37:17.980108+00:00] Portfolios.ERROR: Controllerio metodas turi grąžinti Response objektą [] []
[2023-01-23T09:37:20.147594+00:00] Portfolios.WARNING: Adresas: [GET] /favicon.ico nerastas [] []
[2023-01-23T09:37:20.498372+00:00] Portfolios.ERROR: Controllerio metodas turi grąžinti Response objektą [] []
[2023-01-23T09:38:21.321193+00:00] Portfolios.WARNING: Adresas: [GET] /edit nerastas [] []
[2023-01-23T09:38:21.936198+00:00] Portfolios.ERROR: Controllerio metodas turi grąžinti Response objektą [] []
[2023-01-23T09:38:22.505617+00:00] Portfolios.WARNING: Adresas: [GET] /favicon.ico nerastas [] []
[2023-01-23T09:38:22.883099+00:00] Portfolios.ERROR: Controllerio metodas turi grąžinti Response objektą [] []
[2023-01-23T09:40:35.625755+00:00] Portfolios.WARNING: Adresas: [GET] /show nerastas [] []
[2023-01-23T09:40:35.901210+00:00] Portfolios.ERROR: Controllerio metodas turi grąžinti Response objektą [] []
[2023-01-23T09:40:36.208399+00:00] Portfolios.WARNING: Adresas: [GET] /favicon.ico nerastas [] []
[2023-01-23T09:40:36.877875+00:00] Portfolios.ERROR: Controllerio metodas turi grąžinti Response objektą [] []
[2023-01-23T09:40:40.690087+00:00] Portfolios.ERROR: Controllerio metodas turi grąžinti Response objektą [] []
[2023-01-23T09:40:40.946766+00:00] Portfolios.WARNING: Adresas: [GET] /favicon.ico nerastas [] []
[2023-01-23T09:40:41.115531+00:00] Portfolios.ERROR: Controllerio metodas turi grąžinti Response objektą [] []
[2023-01-23T09:50:29.095884+00:00] Portfolios.ERROR: Controllerio metodas turi grąžinti Response objektą [] []
[2023-01-23T09:50:29.654926+00:00] Portfolios.WARNING: Adresas: [GET] /favicon.ico nerastas [] []
[2023-01-23T09:50:30.064092+00:00] Portfolios.ERROR: Controllerio metodas turi grąžinti Response objektą [] []
[2023-01-23T09:50:36.172125+00:00] Portfolios.WARNING: Adresas: [GET] /favicon.ico nerastas [] []
[2023-01-23T09:50:36.653433+00:00] Portfolios.ERROR: Controllerio metodas turi grąžinti Response objektą [] []
[2023-01-23T09:50:39.242547+00:00] Portfolios.WARNING: Adresas: [GET] /favicon.ico nerastas [] []
[2023-01-23T09:50:39.775009+00:00] Portfolios.ERROR: Controllerio metodas turi grąžinti Response objektą [] []
[2023-01-23T09:50:42.217148+00:00] Portfolios.WARNING: Adresas: [GET] /favicon.ico nerastas [] []
[2023-01-23T09:50:42.603785+00:00] Portfolios.ERROR: Controllerio metodas turi grąžinti Response objektą [] []
[2023-01-23T09:50:44.484037+00:00] Portfolios.WARNING: Adresas: [GET] /favicon.ico nerastas [] []
[2023-01-23T09:50:44.638902+00:00] Portfolios.ERROR: Controllerio metodas turi grąžinti Response objektą [] []
[2023-01-23T09:51:17.494913+00:00] Portfolios.WARNING: Adresas: [GET] /favicon.ico nerastas [] []
[2023-01-23T09:51:17.848889+00:00] Portfolios.ERROR: Controllerio metodas turi grąžinti Response objektą [] []
[2023-01-23T10:24:30.950354+00:00] Portfolios.WARNING: Adresas: [GET] /favicon.ico nerastas [] []
[2023-01-23T10:24:31.737517+00:00] Portfolios.ERROR: Controllerio metodas turi grąžinti Response objektą [] []
[2023-01-23T10:26:26.161671+00:00] Portfolios.WARNING: Adresas: [GET] /favicon.ico nerastas [] []
[2023-01-23T10:26:26.847480+00:00] Portfolios.ERROR: Controllerio metodas turi grąžinti Response objektą [] []
[2023-01-23T10:26:28.369809+00:00] Portfolios.WARNING: Adresas: [GET] /favicon.ico nerastas [] []
[2023-01-23T10:26:28.710632+00:00] Portfolios.ERROR: Controllerio metodas turi grąžinti Response objektą [] []
[2023-01-23T10:26:32.935595+00:00] Portfolios.WARNING: Adresas: [GET] /js/mano.js nerastas [] []
[2023-01-23T10:26:33.118024+00:00] Portfolios.ERROR: Controllerio metodas turi grąžinti Response objektą [] []
[2023-01-23T10:26:34.019007+00:00] Portfolios.WARNING: Adresas: [GET] /favicon.ico nerastas [] []
[2023-01-23T10:26:34.217849+00:00] Portfolios.ERROR: Controllerio metodas turi grąžinti Response objektą [] []
[2023-01-23T10:26:44.884894+00:00] Portfolios.WARNING: Adresas: [GET] /js/mano.js nerastas [] []
[2023-01-23T10:26:45.408192+00:00] Portfolios.ERROR: Controllerio metodas turi grąžinti Response objektą [] []
[2023-01-23T10:26:46.070200+00:00] Portfolios.WARNING: Adresas: [GET] /favicon.ico nerastas [] []
[2023-01-23T10:26:46.266889+00:00] Portfolios.ERROR: Controllerio metodas turi grąžinti Response objektą [] []
[2023-01-23T10:26:50.259403+00:00] Portfolios.WARNING: Adresas: [GET] /js/mano.js nerastas [] []
[2023-01-23T10:26:50.683300+00:00] Portfolios.ERROR: Controllerio metodas turi grąžinti Response objektą [] []
[2023-01-23T10:26:51.124964+00:00] Portfolios.WARNING: Adresas: [GET] /favicon.ico nerastas [] []
[2023-01-23T10:26:51.678440+00:00] Portfolios.ERROR: Controllerio metodas turi grąžinti Response objektą [] []
[2023-01-23T10:26:54.383677+00:00] Portfolios.WARNING: Adresas: [GET] /js/mano.js nerastas [] []
[2023-01-23T10:26:54.578423+00:00] Portfolios.ERROR: Controllerio metodas turi grąžinti Response objektą [] []
[2023-01-23T10:26:54.785557+00:00] Portfolios.WARNING: Adresas: [GET] /favicon.ico nerastas [] []
[2023-01-23T10:26:55.132581+00:00] Portfolios.ERROR: Controllerio metodas turi grąžinti Response objektą [] []
[2023-01-23T10:26:58.978396+00:00] Portfolios.WARNING: Adresas: [GET] /js/mano.js nerastas [] []
[2023-01-23T10:26:59.401167+00:00] Portfolios.ERROR: Controllerio metodas turi grąžinti Response objektą [] []
[2023-01-23T10:26:59.657149+00:00] Portfolios.WARNING: Adresas: [GET] /favicon.ico nerastas [] []
[2023-01-23T10:27:00.082605+00:00] Portfolios.ERROR: Controllerio metodas turi grąžinti Response objektą [] []
[2023-01-23T10:28:17.889146+00:00] Portfolios.WARNING: Adresas: [GET] /js/mano.js nerastas [] []
[2023-01-23T10:28:18.211115+00:00] Portfolios.ERROR: Controllerio metodas turi grąžinti Response objektą [] []
[2023-01-23T10:28:18.735043+00:00] Portfolios.WARNING: Adresas: [GET] /favicon.ico nerastas [] []
[2023-01-23T10:28:19.009414+00:00] Portfolios.ERROR: Controllerio metodas turi grąžinti Response objektą [] []
[2023-01-23T10:28:21.363805+00:00] Portfolios.WARNING: Adresas: [GET] /js/mano.js nerastas [] []
[2023-01-23T10:28:21.690667+00:00] Portfolios.ERROR: Controllerio metodas turi grąžinti Response objektą [] []
[2023-01-23T10:28:22.337544+00:00] Portfolios.WARNING: Adresas: [GET] /favicon.ico nerastas [] []
[2023-01-23T10:28:22.782827+00:00] Portfolios.ERROR: Controllerio metodas turi grąžinti Response objektą [] []
[2023-01-23T10:29:47.740935+00:00] Portfolios.WARNING: Adresas: [GET] /js/mano.js nerastas [] []
[2023-01-23T10:29:47.906347+00:00] Portfolios.ERROR: Controllerio metodas turi grąžinti Response objektą [] []
[2023-01-23T10:29:48.375067+00:00] Portfolios.WARNING: Adresas: [GET] /favicon.ico nerastas [] []
[2023-01-23T10:29:48.569922+00:00] Portfolios.ERROR: Controllerio metodas turi grąžinti Response objektą [] []
[2023-01-23T10:29:50.262328+00:00] Portfolios.WARNING: Adresas: [GET] /js/mano.js nerastas [] []
[2023-01-23T10:29:50.537226+00:00] Portfolios.ERROR: Controllerio metodas turi grąžinti Response objektą [] []
[2023-01-23T10:29:51.159093+00:00] Portfolios.WARNING: Adresas: [GET] /favicon.ico nerastas [] []
[2023-01-23T10:29:51.702954+00:00] Portfolios.ERROR: Controllerio metodas turi grąžinti Response objektą [] []
[2023-01-23T10:29:58.358552+00:00] Portfolios.WARNING: Adresas: [GET] /js/mano.js nerastas [] []
[2023-01-23T10:29:58.862708+00:00] Portfolios.ERROR: Controllerio metodas turi grąžinti Response objektą [] []
[2023-01-23T10:29:59.375250+00:00] Portfolios.WARNING: Adresas: [GET] /favicon.ico nerastas [] []
[2023-01-23T10:29:59.643924+00:00] Portfolios.ERROR: Controllerio metodas turi grąžinti Response objektą [] []
[2023-01-23T10:30:00.917032+00:00] Portfolios.WARNING: Adresas: [GET] /js/mano.js nerastas [] []
[2023-01-23T10:30:01.604763+00:00] Portfolios.ERROR: Controllerio metodas turi grąžinti Response objektą [] []
[2023-01-23T10:30:02.267340+00:00] Portfolios.WARNING: Adresas: [GET] /favicon.ico nerastas [] []
[2023-01-23T10:30:02.571662+00:00] Portfolios.ERROR: Controllerio metodas turi grąžinti Response objektą [] []
[2023-01-23T10:30:08.047448+00:00] Portfolios.WARNING: Adresas: [GET] /js/mano.js nerastas [] []
[2023-01-23T10:30:08.592628+00:00] Portfolios.ERROR: Controllerio metodas turi grąžinti Response objektą [] []
[2023-01-23T10:30:09.260245+00:00] Portfolios.WARNING: Adresas: [GET] /favicon.ico nerastas [] []
[2023-01-23T10:30:09.880472+00:00] Portfolios.ERROR: Controllerio metodas turi grąžinti Response objektą [] []
[2023-01-23T10:30:34.828010+00:00] Portfolios.WARNING: Adresas: [GET] /js/mano.js nerastas [] []
[2023-01-23T10:30:35.316262+00:00] Portfolios.ERROR: Controllerio metodas turi grąžinti Response objektą [] []
[2023-01-23T10:30:35.768783+00:00] Portfolios.WARNING: Adresas: [GET] /favicon.ico nerastas [] []
[2023-01-23T10:30:36.141232+00:00] Portfolios.ERROR: Controllerio metodas turi grąžinti Response objektą [] []
[2023-01-23T10:32:40.267220+00:00] Portfolios.WARNING: Adresas: [GET] /js/mano.js nerastas [] []
[2023-01-23T10:32:40.952310+00:00] Portfolios.ERROR: Controllerio metodas turi grąžinti Response objektą [] []
[2023-01-23T10:32:41.506197+00:00] Portfolios.WARNING: Adresas: [GET] /favicon.ico nerastas [] []
[2023-01-23T10:32:41.889990+00:00] Portfolios.ERROR: Controllerio metodas turi grąžinti Response objektą [] []
[2023-01-23T10:32:44.356732+00:00] Portfolios.WARNING: Adresas: [GET] /js/mano.js nerastas [] []
[2023-01-23T10:32:44.744230+00:00] Portfolios.ERROR: Controllerio metodas turi grąžinti Response objektą [] []
[2023-01-23T10:32:45.277221+00:00] Portfolios.WARNING: Adresas: [GET] /favicon.ico nerastas [] []
[2023-01-23T10:32:45.709302+00:00] Portfolios.ERROR: Controllerio metodas turi grąžinti Response objektą [] []
[2023-01-23T10:32:48.837132+00:00] Portfolios.WARNING: Adresas: [GET] /favicon.ico nerastas [] []
[2023-01-23T10:32:49.285914+00:00] Portfolios.ERROR: Controllerio metodas turi grąžinti Response objektą [] []
[2023-01-23T10:32:59.625907+00:00] Portfolios.WARNING: Adresas: [GET] /js/mano.js nerastas [] []
[2023-01-23T10:32:59.880554+00:00] Portfolios.ERROR: Controllerio metodas turi grąžinti Response objektą [] []
[2023-01-23T10:33:00.164367+00:00] Portfolios.WARNING: Adresas: [GET] /favicon.ico nerastas [] []
[2023-01-23T10:33:00.575121+00:00] Portfolios.ERROR: Controllerio metodas turi grąžinti Response objektą [] []
[2023-01-23T10:33:02.079169+00:00] Portfolios.WARNING: Adresas: [GET] /js/mano.js nerastas [] []
[2023-01-23T10:33:02.462880+00:00] Portfolios.ERROR: Controllerio metodas turi grąžinti Response objektą [] []
[2023-01-23T10:33:02.776258+00:00] Portfolios.WARNING: Adresas: [GET] /favicon.ico nerastas [] []
[2023-01-23T10:33:03.436637+00:00] Portfolios.ERROR: Controllerio metodas turi grąžinti Response objektą [] []
[2023-01-23T10:33:06.362958+00:00] Portfolios.WARNING: Adresas: [GET] /js/mano.js nerastas [] []
[2023-01-23T10:33:06.893843+00:00] Portfolios.ERROR: Controllerio metodas turi grąžinti Response objektą [] []
[2023-01-23T10:33:07.247791+00:00] Portfolios.WARNING: Adresas: [GET] /favicon.ico nerastas [] []
[2023-01-23T10:33:07.623235+00:00] Portfolios.ERROR: Controllerio metodas turi grąžinti Response objektą [] []
[2023-01-23T10:33:09.525950+00:00] Portfolios.WARNING: Adresas: [GET] /js/mano.js nerastas [] []
[2023-01-23T10:33:09.970030+00:00] Portfolios.ERROR: Controllerio metodas turi grąžinti Response objektą [] []
[2023-01-23T10:33:10.253068+00:00] Portfolios.WARNING: Adresas: [GET] /favicon.ico nerastas [] []
[2023-01-23T10:33:10.444671+00:00] Portfolios.ERROR: Controllerio metodas turi grąžinti Response objektą [] []
[2023-01-23T10:33:26.553230+00:00] Portfolios.WARNING: Adresas: [GET] /js/mano.js nerastas [] []
[2023-01-23T10:33:26.752732+00:00] Portfolios.ERROR: Controllerio metodas turi grąžinti Response objektą [] []
[2023-01-23T10:33:27.040385+00:00] Portfolios.WARNING: Adresas: [GET] /favicon.ico nerastas [] []
[2023-01-23T10:33:27.689282+00:00] Portfolios.ERROR: Controllerio metodas turi grąžinti Response objektą [] []
[2023-01-23T10:33:30.499538+00:00] Portfolios.ERROR: Controllerio metodas turi grąžinti Response objektą [] []
[2023-01-23T10:33:30.923562+00:00] Portfolios.WARNING: Adresas: [GET] /favicon.ico nerastas [] []
[2023-01-23T10:33:31.329006+00:00] Portfolios.ERROR: Controllerio metodas turi grąžinti Response objektą [] []
[2023-01-23T10:33:37.047562+00:00] Portfolios.WARNING: Adresas: [GET] /js/mano.js nerastas [] []
[2023-01-23T10:33:37.383852+00:00] Portfolios.ERROR: Controllerio metodas turi grąžinti Response objektą [] []
[2023-01-23T10:33:37.861153+00:00] Portfolios.WARNING: Adresas: [GET] /favicon.ico nerastas [] []
[2023-01-23T10:33:38.052737+00:00] Portfolios.ERROR: Controllerio metodas turi grąžinti Response objektą [] []
[2023-01-23T10:37:04.101430+00:00] Portfolios.INFO: Kontaktai atidaryti [] []
[2023-01-23T10:37:04.172592+00:00] Portfolios.ERROR: Controllerio metodas turi grąžinti Response objektą [] []
[2023-01-23T10:37:04.563925+00:00] Portfolios.WARNING: Adresas: [GET] /favicon.ico nerastas [] []
[2023-01-23T10:37:05.342374+00:00] Portfolios.ERROR: Controllerio metodas turi grąžinti Response objektą [] []
[2023-01-23T10:46:13.412293+00:00] Portfolios.INFO: Kontaktai atidaryti [] []
[2023-01-23T10:46:13.501778+00:00] Portfolios.ERROR: Controllerio metodas turi grąžinti Response objektą [] []
[2023-01-23T10:46:13.941182+00:00] Portfolios.WARNING: Adresas: [GET] /favicon.ico nerastas [] []
[2023-01-23T10:46:14.421432+00:00] Portfolios.ERROR: Controllerio metodas turi grąžinti Response objektą [] []
[2023-01-23T10:46:18.578686+00:00] Portfolios.ERROR: Controllerio metodas turi grąžinti Response objektą [] []
[2023-01-23T10:46:19.359947+00:00] Portfolios.WARNING: Adresas: [GET] /favicon.ico nerastas [] []
[2023-01-23T10:46:19.702138+00:00] Portfolios.ERROR: Controllerio metodas turi grąžinti Response objektą [] []
[2023-01-23T10:46:49.600717+00:00] Portfolios.ERROR: Controllerio metodas turi grąžinti Response objektą [] []
[2023-01-23T10:46:49.994362+00:00] Portfolios.WARNING: Adresas: [GET] /favicon.ico nerastas [] []
[2023-01-23T10:46:50.248301+00:00] Portfolios.ERROR: Controllerio metodas turi grąžinti Response objektą [] []
[2023-01-23T10:46:51.141994+00:00] Portfolios.ERROR: Controllerio metodas turi grąžinti Response objektą [] []
[2023-01-23T10:46:51.525237+00:00] Portfolios.WARNING: Adresas: [GET] /favicon.ico nerastas [] []
[2023-01-23T10:46:51.851903+00:00] Portfolios.ERROR: Controllerio metodas turi grąžinti Response objektą [] []
[2023-01-23T10:47:08.288253+00:00] Portfolios.ERROR: Controllerio metodas turi grąžinti Response objektą [] []
[2023-01-23T10:47:09.160483+00:00] Portfolios.WARNING: Adresas: [GET] /favicon.ico nerastas [] []
[2023-01-23T10:47:09.500675+00:00] Portfolios.ERROR: Controllerio metodas turi grąžinti Response objektą [] []
[2023-01-23T10:51:13.143542+00:00] Portfolios.ERROR: Controllerio metodas turi grąžinti Response objektą [] []
[2023-01-23T10:51:13.555000+00:00] Portfolios.WARNING: Adresas: [GET] /favicon.ico nerastas [] []
[2023-01-23T10:51:14.257516+00:00] Portfolios.ERROR: Controllerio metodas turi grąžinti Response objektą [] []
[2023-01-23T10:51:17.495724+00:00] Portfolios.ERROR: Controllerio metodas turi grąžinti Response objektą [] []
[2023-01-23T10:51:17.793609+00:00] Portfolios.WARNING: Adresas: [GET] /favicon.ico nerastas [] []
[2023-01-23T10:51:18.363065+00:00] Portfolios.ERROR: Controllerio metodas turi grąžinti Response objektą [] []
[2023-01-23T11:05:46.429571+00:00] Portfolios.WARNING: Adresas: [GET] /js/mano.js nerastas [] []
[2023-01-23T11:05:46.884429+00:00] Portfolios.ERROR: Controllerio metodas turi grąžinti Response objektą [] []
[2023-01-23T11:05:47.362904+00:00] Portfolios.WARNING: Adresas: [GET] /favicon.ico nerastas [] []
[2023-01-23T11:05:47.887443+00:00] Portfolios.ERROR: Controllerio metodas turi grąžinti Response objektą [] []
[2023-01-23T11:05:50.707324+00:00] Portfolios.WARNING: Adresas: [GET] /js/mano.js nerastas [] []
[2023-01-23T11:05:50.903090+00:00] Portfolios.ERROR: Controllerio metodas turi grąžinti Response objektą [] []
[2023-01-23T11:05:51.498539+00:00] Portfolios.WARNING: Adresas: [GET] /favicon.ico nerastas [] []
[2023-01-23T11:05:51.971885+00:00] Portfolios.ERROR: Controllerio metodas turi grąžinti Response objektą [] []
[2023-01-23T11:05:55.288984+00:00] Portfolios.WARNING: Adresas: [GET] /js/mano.js nerastas [] []
[2023-01-23T11:05:55.652990+00:00] Portfolios.ERROR: Controllerio metodas turi grąžinti Response objektą [] []
[2023-01-23T11:05:56.413249+00:00] Portfolios.WARNING: Adresas: [GET] /favicon.ico nerastas [] []
[2023-01-23T11:05:56.593813+00:00] Portfolios.ERROR: Controllerio metodas turi grąžinti Response objektą [] []
[2023-01-23T11:06:06.701217+00:00] Portfolios.WARNING: Adresas: [GET] /js/mano.js nerastas [] []
[2023-01-23T11:06:07.357205+00:00] Portfolios.ERROR: Controllerio metodas turi grąžinti Response objektą [] []
[2023-01-23T11:06:07.736882+00:00] Portfolios.WARNING: Adresas: [GET] /favicon.ico nerastas [] []
[2023-01-23T11:06:08.392921+00:00] Portfolios.ERROR: Controllerio metodas turi grąžinti Response objektą [] []
[2023-01-23T11:06:16.897039+00:00] Portfolios.ERROR: Controllerio metodas turi grąžinti Response objektą [] []
[2023-01-23T11:06:17.396351+00:00] Portfolios.WARNING: Adresas: [GET] /favicon.ico nerastas [] []
[2023-01-23T11:06:17.655507+00:00] Portfolios.ERROR: Controllerio metodas turi grąžinti Response objektą [] []
[2023-01-23T11:06:20.342500+00:00] Portfolios.WARNING: Adresas: [GET] /js/mano.js nerastas [] []
[2023-01-23T11:06:20.890117+00:00] Portfolios.ERROR: Controllerio metodas turi grąžinti Response objektą [] []
[2023-01-23T11:06:21.273997+00:00] Portfolios.WARNING: Adresas: [GET] /favicon.ico nerastas [] []
[2023-01-23T11:06:21.663807+00:00] Portfolios.ERROR: Controllerio metodas turi grąžinti Response objektą [] []
[2023-01-23T11:10:13.049587+00:00] Portfolios.WARNING: Adresas: [GET] /js/mano.js nerastas [] []
[2023-01-23T11:10:13.372359+00:00] Portfolios.ERROR: Controllerio metodas turi grąžinti Response objektą [] []
[2023-01-23T11:10:13.915624+00:00] Portfolios.WARNING: Adresas: [GET] /favicon.ico nerastas [] []
[2023-01-23T11:10:14.280932+00:00] Portfolios.ERROR: Controllerio metodas turi grąžinti Response objektą [] []
[2023-01-23T11:10:22.121013+00:00] Portfolios.WARNING: Adresas: [GET] /js/mano.js nerastas [] []
[2023-01-23T11:10:23.055493+00:00] Portfolios.ERROR: Controllerio metodas turi grąžinti Response objektą [] []
[2023-01-23T11:10:23.880623+00:00] Portfolios.WARNING: Adresas: [GET] /favicon.ico nerastas [] []
[2023-01-23T11:10:24.542987+00:00] Portfolios.ERROR: Controllerio metodas turi grąžinti Response objektą [] []
[2023-01-23T12:50:45.808839+00:00] Portfolios.WARNING: Adresas: [GET] /js/mano.js nerastas [] []
[2023-01-23T12:50:46.511439+00:00] Portfolios.ERROR: Controllerio metodas turi grąžinti Response objektą [] []
[2023-01-23T12:50:47.346573+00:00] Portfolios.WARNING: Adresas: [GET] /favicon.ico nerastas [] []
[2023-01-23T12:50:47.699406+00:00] Portfolios.ERROR: Controllerio metodas turi grąžinti Response objektą [] []
[2023-01-23T13:10:42.082897+00:00] Portfolios.WARNING: Adresas: [GET] /js/mano.js nerastas [] []
[2023-01-23T13:10:43.850196+00:00] Portfolios.WARNING: Adresas: [GET] /favicon.ico nerastas [] []
[2023-01-23T13:10:55.709626+00:00] Portfolios.WARNING: Adresas: [GET] /js/mano.js nerastas [] []
[2023-01-23T13:10:57.127748+00:00] Portfolios.WARNING: Adresas: [GET] /favicon.ico nerastas [] []
[2023-01-23T13:11:54.087654+00:00] Portfolios.INFO: Kontaktai atidaryti [] []
[2023-01-23T13:11:54.646120+00:00] Portfolios.WARNING: Adresas: [GET] /js/mano.js nerastas [] []
[2023-01-23T13:11:56.013574+00:00] Portfolios.WARNING: Adresas: [GET] /js/mano.js nerastas [] []
[2023-01-23T13:11:57.765981+00:00] Portfolios.WARNING: Adresas: [GET] /favicon.ico nerastas [] []
[2023-01-23T13:13:33.014362+00:00] Portfolios.WARNING: Adresas: [GET] /Darbo%20patirtis nerastas [] []
[2023-01-23T13:13:35.191713+00:00] Portfolios.WARNING: Adresas: [GET] /js/mano.js nerastas [] []
[2023-01-23T13:13:36.677561+00:00] Portfolios.WARNING: Adresas: [GET] /favicon.ico nerastas [] []
[2023-01-23T13:39:20.390111+00:00] Portfolios.WARNING: Adresas: [GET] /js/mano.js nerastas [] []
[2023-01-23T13:39:21.271210+00:00] Portfolios.WARNING: Adresas: [GET] /favicon.ico nerastas [] []
[2023-01-23T13:39:24.422376+00:00] Portfolios.WARNING: Adresas: [GET] /js/mano.js nerastas [] []
[2023-01-23T13:39:25.071000+00:00] Portfolios.WARNING: Adresas: [GET] /favicon.ico nerastas [] []
[2023-01-23T13:39:29.174556+00:00] Portfolios.WARNING: Adresas: [GET] /js/mano.js nerastas [] []
[2023-01-23T13:39:30.220461+00:00] Portfolios.WARNING: Adresas: [GET] /favicon.ico nerastas [] []
[2023-01-23T13:40:01.077215+00:00] Portfolios.WARNING: Adresas: [GET] /js/mano.js nerastas [] []
[2023-01-23T13:40:02.047797+00:00] Portfolios.WARNING: Adresas: [GET] /favicon.ico nerastas [] []
[2023-01-23T13:41:16.563045+00:00] Portfolios.WARNING: Adresas: [GET] /js/mano.js nerastas [] []
[2023-01-23T13:41:17.653909+00:00] Portfolios.WARNING: Adresas: [GET] /favicon.ico nerastas [] []
[2023-01-23T13:47:19.799935+00:00] Portfolios.WARNING: Adresas: [GET] /js/mano.js nerastas [] []
[2023-01-23T13:47:20.594893+00:00] Portfolios.WARNING: Adresas: [GET] /favicon.ico nerastas [] []
[2023-01-23T13:47:23.209157+00:00] Portfolios.WARNING: Adresas: [GET] /js/mano.js nerastas [] []
[2023-01-23T13:47:23.932124+00:00] Portfolios.WARNING: Adresas: [GET] /favicon.ico nerastas [] []
[2023-01-23T13:47:26.280762+00:00] Portfolios.WARNING: Adresas: [GET] /js/mano.js nerastas [] []
[2023-01-23T13:47:27.196986+00:00] Portfolios.WARNING: Adresas: [GET] /favicon.ico nerastas [] []
[2023-01-23T13:47:33.987047+00:00] Portfolios.WARNING: Adresas: [GET] /js/mano.js nerastas [] []
[2023-01-23T13:47:35.032410+00:00] Portfolios.WARNING: Adresas: [GET] /favicon.ico nerastas [] []
[2023-01-23T13:49:05.906351+00:00] Portfolios.WARNING: Adresas: [GET] /js/mano.js nerastas [] []
[2023-01-23T13:49:06.612221+00:00] Portfolios.WARNING: Adresas: [GET] /favicon.ico nerastas [] []
[2023-01-23T13:49:08.640664+00:00] Portfolios.WARNING: Adresas: [GET] /js/mano.js nerastas [] []
[2023-01-23T13:49:09.533610+00:00] Portfolios.WARNING: Adresas: [GET] /favicon.ico nerastas [] []
[2023-01-23T13:49:15.702107+00:00] Portfolios.WARNING: Adresas: [GET] /js/mano.js nerastas [] []
[2023-01-23T13:49:16.617252+00:00] Portfolios.WARNING: Adresas: [GET] /favicon.ico nerastas [] []
[2023-01-23T13:49:22.261907+00:00] Portfolios.WARNING: Adresas: [GET] /js/mano.js nerastas [] []
[2023-01-23T13:49:22.903290+00:00] Portfolios.WARNING: Adresas: [GET] /favicon.ico nerastas [] []
[2023-01-23T13:49:27.640574+00:00] Portfolios.WARNING: Adresas: [GET] /js/mano.js nerastas [] []
[2023-01-23T13:49:28.686708+00:00] Portfolios.WARNING: Adresas: [GET] /favicon.ico nerastas [] []
[2023-01-23T13:58:48.980083+00:00] Portfolios.WARNING: Adresas: [GET] /js/mano.js nerastas [] []
[2023-01-23T13:59:35.752361+00:00] Portfolios.WARNING: Adresas: [GET] /favicon.ico nerastas [] []
[2023-01-23T14:19:03.278902+00:00] Portfolios.WARNING: Adresas: [GET] /favicon.ico nerastas [] []
[2023-01-23T14:20:00.841461+00:00] Portfolios.WARNING: Adresas: [GET] /js/mano.js nerastas [] []
[2023-01-23T14:20:01.812791+00:00] Portfolios.WARNING: Adresas: [GET] /favicon.ico nerastas [] []
[2023-01-23T14:20:06.227157+00:00] Portfolios.WARNING: Adresas: [GET] /js/mano.js nerastas [] []
[2023-01-23T14:20:07.040582+00:00] Portfolios.WARNING: Adresas: [GET] /favicon.ico nerastas [] []
[2023-01-23T14:20:19.766107+00:00] Portfolios.WARNING: Adresas: [GET] /js/mano.js nerastas [] []
[2023-01-23T14:20:20.721821+00:00] Portfolios.WARNING: Adresas: [GET] /favicon.ico nerastas [] []
[2023-01-23T14:20:55.482664+00:00] Portfolios.WARNING: Adresas: [GET] /js/mano.js nerastas [] []
[2023-01-23T14:20:56.627527+00:00] Portfolios.WARNING: Adresas: [GET] /favicon.ico nerastas [] []
[2023-01-23T14:21:30.788360+00:00] Portfolios.WARNING: Adresas: [GET] /js/mano.js nerastas [] []
[2023-01-23T14:21:31.715325+00:00] Portfolios.WARNING: Adresas: [GET] /favicon.ico nerastas [] []
[2023-01-23T14:21:41.637954+00:00] Portfolios.WARNING: Adresas: [GET] /js/mano.js nerastas [] []
[2023-01-23T14:21:42.798715+00:00] Portfolios.WARNING: Adresas: [GET] /favicon.ico nerastas [] []
[2023-01-23T14:21:51.631192+00:00] Portfolios.WARNING: Adresas: [GET] /js/mano.js nerastas [] []
[2023-01-23T14:21:52.238449+00:00] Portfolios.WARNING: Adresas: [GET] /favicon.ico nerastas [] []
[2023-01-23T14:22:06.708012+00:00] Portfolios.WARNING: Adresas: [GET] /favicon.ico nerastas [] []
[2023-01-23T14:22:12.074527+00:00] Portfolios.WARNING: Adresas: [GET] /js/mano.js nerastas [] []
[2023-01-23T14:22:13.102789+00:00] Portfolios.WARNING: Adresas: [GET] /favicon.ico nerastas [] []
[2023-01-23T14:22:37.115921+00:00] Portfolios.WARNING: Adresas: [GET] /js/mano.js nerastas [] []
[2023-01-23T14:22:37.764040+00:00] Portfolios.WARNING: Adresas: [GET] /favicon.ico nerastas [] []
[2023-01-23T14:22:42.577166+00:00] Portfolios.WARNING: Adresas: [GET] /js/mano.js nerastas [] []
[2023-01-23T14:22:43.121967+00:00] Portfolios.WARNING: Adresas: [GET] /favicon.ico nerastas [] []
[2023-01-23T14:22:45.583082+00:00] Portfolios.INFO: Kontaktai atidaryti [] []
[2023-01-23T14:22:45.977193+00:00] Portfolios.WARNING: Adresas: [GET] /js/mano.js nerastas [] []
[2023-01-23T14:22:46.729817+00:00] Portfolios.WARNING: Adresas: [GET] /js/mano.js nerastas [] []
[2023-01-23T14:22:47.623373+00:00] Portfolios.WARNING: Adresas: [GET] /favicon.ico nerastas [] []
[2023-01-23T14:22:51.343184+00:00] Portfolios.INFO: Kontaktai atidaryti [] []
[2023-01-23T14:22:51.842762+00:00] Portfolios.WARNING: Adresas: [GET] /js/mano.js nerastas [] []
[2023-01-23T14:22:53.025419+00:00] Portfolios.WARNING: Adresas: [GET] /js/mano.js nerastas [] []
[2023-01-23T14:22:53.614884+00:00] Portfolios.WARNING: Adresas: [GET] /favicon.ico nerastas [] []
[2023-01-23T14:22:58.376182+00:00] Portfolios.INFO: Kontaktai atidaryti [] []
[2023-01-23T14:22:59.151984+00:00] Portfolios.WARNING: Adresas: [GET] /js/mano.js nerastas [] []
[2023-01-23T14:22:59.823252+00:00] Portfolios.WARNING: Adresas: [GET] /js/mano.js nerastas [] []
[2023-01-23T14:23:00.503879+00:00] Portfolios.WARNING: Adresas: [GET] /favicon.ico nerastas [] []
[2023-01-23T14:23:06.013092+00:00] Portfolios.WARNING: Adresas: [GET] /js/mano.js nerastas [] []
[2023-01-23T14:23:07.038751+00:00] Portfolios.WARNING: Adresas: [GET] /favicon.ico nerastas [] []
[2023-01-23T21:15:03.962764+00:00] Portfolios.WARNING: Adresas: [GET] /js/mano.js nerastas [] []
[2023-01-23T21:15:05.356863+00:00] Portfolios.WARNING: Adresas: [GET] /favicon.ico nerastas [] []
[2023-01-23T21:15:23.875566+00:00] Portfolios.WARNING: Adresas: [GET] /js/mano.js nerastas [] []
[2023-01-23T21:15:25.008514+00:00] Portfolios.WARNING: Adresas: [GET] /favicon.ico nerastas [] []
[2023-01-23T21:31:59.593900+00:00] Portfolios.NOTICE: Neteisingi prisijungimo duomenys [] []
[2023-01-23T21:32:00.480692+00:00] Portfolios.WARNING: Adresas: [GET] /js/mano.js nerastas [] []
[2023-01-23T21:32:01.137283+00:00] Portfolios.WARNING: Adresas: [GET] /favicon.ico nerastas [] []
[2023-01-23T22:03:23.139689+00:00] Portfolios.WARNING: Adresas: [GET] /js/mano.js nerastas [] []
[2023-01-23T22:03:24.065791+00:00] Portfolios.WARNING: Adresas: [GET] /favicon.ico nerastas [] []
[2023-01-23T22:03:59.321340+00:00] Portfolios.WARNING: Adresas: [GET] /js/mano.js nerastas [] []
[2023-01-23T22:03:59.931674+00:00] Portfolios.WARNING: Adresas: [GET] /favicon.ico nerastas [] []
[2023-01-24T13:03:12.531020+00:00] Portfolios.WARNING: Adresas: [GET] /js/mano.js nerastas [] []
[2023-01-24T13:03:13.096229+00:00] Portfolios.WARNING: Adresas: [GET] /favicon.ico nerastas [] []
[2023-01-24T13:03:25.156286+00:00] Portfolios.WARNING: Adresas: [GET] /js/mano.js nerastas [] []
[2023-01-24T13:03:25.713780+00:00] Portfolios.WARNING: Adresas: [GET] /favicon.ico nerastas [] []
[2023-01-24T13:06:02.523902+00:00] Portfolios.WARNING: Adresas: [GET] /js/mano.js nerastas [] []
[2023-01-24T13:06:02.955782+00:00] Portfolios.WARNING: Adresas: [GET] /favicon.ico nerastas [] []
[2023-01-24T13:10:49.660880+00:00] Portfolios.WARNING: Adresas: [GET] /js/mano.js nerastas [] []
[2023-01-24T13:10:50.224268+00:00] Portfolios.WARNING: Adresas: [GET] /favicon.ico nerastas [] []
[2023-01-24T13:12:22.476212+00:00] Portfolios.WARNING: Adresas: [GET] /js/mano.js nerastas [] []
[2023-01-24T13:12:22.874083+00:00] Portfolios.WARNING: Adresas: [GET] /favicon.ico nerastas [] []
[2023-01-24T13:12:25.195704+00:00] Portfolios.WARNING: Adresas: [GET] /js/mano.js nerastas [] []
[2023-01-24T13:12:25.753008+00:00] Portfolios.WARNING: Adresas: [GET] /favicon.ico nerastas [] []
[2023-01-24T13:12:28.744955+00:00] Portfolios.WARNING: Adresas: [GET] /js/mano.js nerastas [] []
[2023-01-24T13:12:29.263655+00:00] Portfolios.WARNING: Adresas: [GET] /favicon.ico nerastas [] []
[2023-01-24T13:12:35.657873+00:00] Portfolios.WARNING: Adresas: [GET] /js/mano.js nerastas [] []
[2023-01-24T13:12:36.067310+00:00] Portfolios.WARNING: Adresas: [GET] /favicon.ico nerastas [] []
[2023-01-24T13:12:41.868330+00:00] Portfolios.WARNING: Adresas: [GET] /js/mano.js nerastas [] []
[2023-01-24T13:12:42.366137+00:00] Portfolios.WARNING: Adresas: [GET] /favicon.ico nerastas [] []
